<?xml version="1.0" encoding="UTF-8"?>
<Site BuildName="Linux-g++"
	BuildStamp="20220818-1159-Experimental"
	Name="ubuntu"
	Generator="ctest-3.16.3"
	CompilerName="/usr/bin/g++"
	CompilerVersion="9.4.0"
	OSName="Linux"
	Hostname="ubuntu"
	OSRelease="5.15.0-46-generic"
	OSVersion="#49~20.04.1-Ubuntu SMP Thu Aug 4 19:15:44 UTC 2022"
	OSPlatform="x86_64"
	Is64Bits="1"
	VendorString="GenuineIntel"
	VendorID="Intel Corporation"
	FamilyID="6"
	ModelID="140"
	ProcessorCacheSize="12288"
	NumberOfLogicalCPU="2"
	NumberOfPhysicalCPU="2"
	TotalVirtualMemory="2047"
	TotalPhysicalMemory="15967"
	LogicalProcessorsPerPhysical="1"
	ProcessorClockFrequency="1804.8"
	>
	<Testing>
		<StartDateTime>Aug 18 17:29 +0530</StartDateTime>
		<StartTestTime>1660823959</StartTestTime>
		<TestList/>
		<EndDateTime>Aug 18 17:29 +0530</EndDateTime>
		<EndTestTime>1660823959</EndTestTime>
		<ElapsedMinutes>0</ElapsedMinutes>
	</Testing>
</Site>
